<?xml version="1.0" encoding="UTF-8"?>
<!-- Generated by org.testng.reporters.JUnitXMLReporter -->
<testsuite ignored="0" hostname="admin" failures="1" tests="1" name="Test1" time="1.499" errors="0" timestamp="2022-05-25T19:42:42 IST">
  <testcase classname="CrossBrowserTesting.CrossBrowserTesting" name="LaunchApp" time="1.494">
    <failure type="org.openqa.selenium.WebDriverException" message="You appear to be running LINUX. The IE driver only runs on Windows.
Build info: version: &amp;apos;4.1.4&amp;apos;, revision: &amp;apos;535d840ee2&amp;apos;
System info: host: &amp;apos;admin&amp;apos;, ip: &amp;apos;192.168.1.9&amp;apos;, os.name: &amp;apos;Linux&amp;apos;, os.arch: &amp;apos;amd64&amp;apos;, os.version: &amp;apos;5.4.0-110-generic&amp;apos;, java.version: &amp;apos;11.0.15&amp;apos;
Driver info: driver.version: InternetExplorerDriver">
      <![CDATA[org.openqa.selenium.WebDriverException: You appear to be running LINUX. The IE driver only runs on Windows.
Build info: version: '4.1.4', revision: '535d840ee2'
System info: host: 'admin', ip: '192.168.1.9', os.name: 'Linux', os.arch: 'amd64', os.version: '5.4.0-110-generic', java.version: '11.0.15'
Driver info: driver.version: InternetExplorerDriver
at org.openqa.selenium.ie.InternetExplorerDriver.assertOnWindows(InternetExplorerDriver.java:207)
at org.openqa.selenium.ie.InternetExplorerDriver.run(InternetExplorerDriver.java:184)
at org.openqa.selenium.ie.InternetExplorerDriver.<init>(InternetExplorerDriver.java:180)
at org.openqa.selenium.ie.InternetExplorerDriver.<init>(InternetExplorerDriver.java:144)
at CrossBrowserTesting.CrossBrowserTesting.LaunchApp(CrossBrowserTesting.java:28)
at java.base/java.util.ArrayList.forEach(ArrayList.java:1541)
... Removed 27 stack frames]]>
    </failure>
  </testcase> <!-- LaunchApp -->
</testsuite> <!-- Test1 -->
