<?xml version="1.0" encoding="UTF-8"?>
<!-- Generated by org.testng.reporters.JUnitXMLReporter -->
<testsuite ignored="1" hostname="admin" failures="0" tests="4" name="Test" time="8.006" errors="0" timestamp="2022-05-25T23:14:48 IST">
  <testcase classname="com.pages.TestClass" name="setup" time="7.944"/>
  <testcase classname="com.pages.TestClass" name="setup3" time="0.004"/>
  <testcase classname="com.pages.TestClass" name="setup1" time="0.001"/>
  <testcase classname="com.pages.TestClass" name="setup1" time="0.001"/>
  <testcase classname="com.pages.TestClass" name="setup2" time="0.0">
    <ignored/>
  </testcase> <!-- setup2 -->
</testsuite> <!-- Test -->
