<?xml version="1.0" encoding="UTF-8"?>
<testng-results ignored="0" total="1" passed="0" failed="1" skipped="0">
  <reporter-output>
  </reporter-output>
  <suite started-at="2022-05-26T00:11:24 IST" name="Default suite" finished-at="2022-05-26T00:11:36 IST" duration-ms="11422">
    <groups>
    </groups>
    <test started-at="2022-05-26T00:11:24 IST" name="Default test" finished-at="2022-05-26T00:11:36 IST" duration-ms="11422">
      <class name="com.tests.RegisterNewUser">
        <test-method is-config="true" signature="setUpProject()[pri:0, instance:com.tests.RegisterNewUser@dbf57b3]" started-at="2022-05-26T00:11:24 IST" name="setUpProject" finished-at="2022-05-26T00:11:24 IST" duration-ms="7" status="PASS">
          <reporter-output>
          </reporter-output>
        </test-method> <!-- setUpProject -->
        <test-method is-config="true" signature="LuanchBrowser()[pri:0, instance:com.tests.RegisterNewUser@dbf57b3]" started-at="2022-05-26T00:11:24 IST" name="LuanchBrowser" finished-at="2022-05-26T00:11:24 IST" duration-ms="1" status="PASS">
          <reporter-output>
          </reporter-output>
        </test-method> <!-- LuanchBrowser -->
        <test-method is-config="true" signature="beforeMethod()[pri:0, instance:com.tests.RegisterNewUser@dbf57b3]" started-at="2022-05-26T00:11:24 IST" name="beforeMethod" finished-at="2022-05-26T00:11:24 IST" duration-ms="1" status="PASS">
          <reporter-output>
          </reporter-output>
        </test-method> <!-- beforeMethod -->
        <test-method signature="Register()[pri:0, instance:com.tests.RegisterNewUser@dbf57b3]" started-at="2022-05-26T00:11:24 IST" name="Register" finished-at="2022-05-26T00:11:36 IST" duration-ms="11382" status="FAIL">
          <exception class="java.lang.NullPointerException">
            <full-stacktrace>
              <![CDATA[java.lang.NullPointerException
at com.utilities.BaseClass.getElement(BaseClass.java:22)
at com.pages.RegisterNewUserPage.getUserName(RegisterNewUserPage.java:23)
at com.pages.RegisterNewUserPage.RegisterNewUser(RegisterNewUserPage.java:56)
at com.tests.RegisterNewUser.Register(RegisterNewUser.java:17)
at java.base/jdk.internal.reflect.NativeMethodAccessorImpl.invoke0(Native Method)
at java.base/jdk.internal.reflect.NativeMethodAccessorImpl.invoke(NativeMethodAccessorImpl.java:62)
at java.base/jdk.internal.reflect.DelegatingMethodAccessorImpl.invoke(DelegatingMethodAccessorImpl.java:43)
at java.base/java.lang.reflect.Method.invoke(Method.java:566)
at org.testng.internal.MethodInvocationHelper.invokeMethod(MethodInvocationHelper.java:133)
at org.testng.internal.TestInvoker.invokeMethod(TestInvoker.java:598)
at org.testng.internal.TestInvoker.invokeTestMethod(TestInvoker.java:173)
at org.testng.internal.MethodRunner.runInSequence(MethodRunner.java:46)
at org.testng.internal.TestInvoker$MethodInvocationAgent.invoke(TestInvoker.java:824)
at org.testng.internal.TestInvoker.invokeTestMethods(TestInvoker.java:146)
at org.testng.internal.TestMethodWorker.invokeTestMethods(TestMethodWorker.java:146)
at org.testng.internal.TestMethodWorker.run(TestMethodWorker.java:128)
at java.base/java.util.ArrayList.forEach(ArrayList.java:1541)
at org.testng.TestRunner.privateRun(TestRunner.java:794)
at org.testng.TestRunner.run(TestRunner.java:596)
at org.testng.SuiteRunner.runTest(SuiteRunner.java:377)
at org.testng.SuiteRunner.runSequentially(SuiteRunner.java:371)
at org.testng.SuiteRunner.privateRun(SuiteRunner.java:332)
at org.testng.SuiteRunner.run(SuiteRunner.java:276)
at org.testng.SuiteRunnerWorker.runSuite(SuiteRunnerWorker.java:53)
at org.testng.SuiteRunnerWorker.run(SuiteRunnerWorker.java:96)
at org.testng.TestNG.runSuitesSequentially(TestNG.java:1212)
at org.testng.TestNG.runSuitesLocally(TestNG.java:1134)
at org.testng.TestNG.runSuites(TestNG.java:1063)
at org.testng.TestNG.run(TestNG.java:1031)
at org.testng.remote.AbstractRemoteTestNG.run(AbstractRemoteTestNG.java:115)
at org.testng.remote.RemoteTestNG.initAndRun(RemoteTestNG.java:251)
at org.testng.remote.RemoteTestNG.main(RemoteTestNG.java:77)
]]>
            </full-stacktrace>
          </exception> <!-- java.lang.NullPointerException -->
          <reporter-output>
          </reporter-output>
        </test-method> <!-- Register -->
        <test-method is-config="true" signature="afterMethod()[pri:0, instance:com.tests.RegisterNewUser@dbf57b3]" started-at="2022-05-26T00:11:36 IST" name="afterMethod" finished-at="2022-05-26T00:11:36 IST" duration-ms="1" status="PASS">
          <reporter-output>
          </reporter-output>
        </test-method> <!-- afterMethod -->
        <test-method is-config="true" signature="afterTestethod()[pri:0, instance:com.tests.RegisterNewUser@dbf57b3]" started-at="2022-05-26T00:11:36 IST" name="afterTestethod" finished-at="2022-05-26T00:11:36 IST" duration-ms="1" status="PASS">
          <reporter-output>
          </reporter-output>
        </test-method> <!-- afterTestethod -->
        <test-method is-config="true" signature="afterSuiteMethod()[pri:0, instance:com.tests.RegisterNewUser@dbf57b3]" started-at="2022-05-26T00:11:36 IST" name="afterSuiteMethod" finished-at="2022-05-26T00:11:36 IST" duration-ms="2" status="FAIL">
          <exception class="java.lang.NullPointerException">
            <full-stacktrace>
              <![CDATA[java.lang.NullPointerException
at com.pages.Login.afterSuiteMethod(Login.java:57)
at java.base/jdk.internal.reflect.NativeMethodAccessorImpl.invoke0(Native Method)
at java.base/jdk.internal.reflect.NativeMethodAccessorImpl.invoke(NativeMethodAccessorImpl.java:62)
at java.base/jdk.internal.reflect.DelegatingMethodAccessorImpl.invoke(DelegatingMethodAccessorImpl.java:43)
at java.base/java.lang.reflect.Method.invoke(Method.java:566)
at org.testng.internal.MethodInvocationHelper.invokeMethod(MethodInvocationHelper.java:133)
at org.testng.internal.MethodInvocationHelper.invokeMethodConsideringTimeout(MethodInvocationHelper.java:62)
at org.testng.internal.ConfigInvoker.invokeConfigurationMethod(ConfigInvoker.java:385)
at org.testng.internal.ConfigInvoker.invokeConfigurations(ConfigInvoker.java:321)
at org.testng.SuiteRunner.privateRun(SuiteRunner.java:344)
at org.testng.SuiteRunner.run(SuiteRunner.java:276)
at org.testng.SuiteRunnerWorker.runSuite(SuiteRunnerWorker.java:53)
at org.testng.SuiteRunnerWorker.run(SuiteRunnerWorker.java:96)
at org.testng.TestNG.runSuitesSequentially(TestNG.java:1212)
at org.testng.TestNG.runSuitesLocally(TestNG.java:1134)
at org.testng.TestNG.runSuites(TestNG.java:1063)
at org.testng.TestNG.run(TestNG.java:1031)
at org.testng.remote.AbstractRemoteTestNG.run(AbstractRemoteTestNG.java:115)
at org.testng.remote.RemoteTestNG.initAndRun(RemoteTestNG.java:251)
at org.testng.remote.RemoteTestNG.main(RemoteTestNG.java:77)
]]>
            </full-stacktrace>
          </exception> <!-- java.lang.NullPointerException -->
          <reporter-output>
          </reporter-output>
        </test-method> <!-- afterSuiteMethod -->
      </class> <!-- com.tests.RegisterNewUser -->
    </test> <!-- Default test -->
  </suite> <!-- Default suite -->
</testng-results>
